<?xml version="1.0" encoding="UTF-8"?>
<testng-results ignored="0" total="5" passed="4" failed="1" skipped="0">
  <reporter-output>
  </reporter-output>
  <suite started-at="2026-09-06T17:37:41 IST" name="Default suite" finished-at="2026-09-06T17:37:50 IST" duration-ms="9126">
    <groups>
    </groups>
    <test started-at="2026-09-06T17:37:41 IST" name="Default test" finished-at="2026-09-06T17:37:50 IST" duration-ms="9126">
      <class name="tests.SmokeTests">
        <test-method is-config="true" signature="setUp()[pri:0, instance:tests.SmokeTests@51399530]" started-at="2026-09-06T17:37:41 IST" name="setUp" finished-at="2026-09-06T17:37:44 IST" duration-ms="2588" status="PASS">
          <reporter-output>
          </reporter-output>
        </test-method> <!-- setUp -->
        <test-method signature="testValidLogin()[pri:1, instance:tests.SmokeTests@51399530]" started-at="2026-09-06T17:37:44 IST" name="testValidLogin" finished-at="2026-09-06T17:37:44 IST" duration-ms="225" status="PASS">
          <reporter-output>
          </reporter-output>
        </test-method> <!-- testValidLogin -->
        <test-method is-config="true" signature="tearDown()[pri:0, instance:tests.SmokeTests@51399530]" started-at="2026-09-06T17:37:44 IST" name="tearDown" finished-at="2026-09-06T17:37:44 IST" duration-ms="98" status="PASS">
          <reporter-output>
          </reporter-output>
        </test-method> <!-- tearDown -->
        <test-method is-config="true" signature="setUp()[pri:0, instance:tests.SmokeTests@51399530]" started-at="2026-09-06T17:37:44 IST" name="setUp" finished-at="2026-09-06T17:37:45 IST" duration-ms="1278" status="PASS">
          <reporter-output>
          </reporter-output>
        </test-method> <!-- setUp -->
        <test-method signature="testAddProductToCart()[pri:2, instance:tests.SmokeTests@51399530]" started-at="2026-09-06T17:37:45 IST" name="testAddProductToCart" finished-at="2026-09-06T17:37:46 IST" duration-ms="169" status="PASS">
          <reporter-output>
          </reporter-output>
        </test-method> <!-- testAddProductToCart -->
        <test-method is-config="true" signature="tearDown()[pri:0, instance:tests.SmokeTests@51399530]" started-at="2026-09-06T17:37:46 IST" name="tearDown" finished-at="2026-09-06T17:37:46 IST" duration-ms="83" status="PASS">
          <reporter-output>
          </reporter-output>
        </test-method> <!-- tearDown -->
        <test-method is-config="true" signature="setUp()[pri:0, instance:tests.SmokeTests@51399530]" started-at="2026-09-06T17:37:46 IST" name="setUp" finished-at="2026-09-06T17:37:47 IST" duration-ms="1250" status="PASS">
          <reporter-output>
          </reporter-output>
        </test-method> <!-- setUp -->
        <test-method signature="testProductAppearsInCart()[pri:3, instance:tests.SmokeTests@51399530]" started-at="2026-09-06T17:37:47 IST" name="testProductAppearsInCart" finished-at="2026-09-06T17:37:47 IST" duration-ms="204" status="PASS">
          <reporter-output>
          </reporter-output>
        </test-method> <!-- testProductAppearsInCart -->
        <test-method is-config="true" signature="tearDown()[pri:0, instance:tests.SmokeTests@51399530]" started-at="2026-09-06T17:37:47 IST" name="tearDown" finished-at="2026-09-06T17:37:47 IST" duration-ms="84" status="PASS">
          <reporter-output>
          </reporter-output>
        </test-method> <!-- tearDown -->
        <test-method is-config="true" signature="setUp()[pri:0, instance:tests.SmokeTests@51399530]" started-at="2026-09-06T17:37:47 IST" name="setUp" finished-at="2026-09-06T17:37:48 IST" duration-ms="1206" status="PASS">
          <reporter-output>
          </reporter-output>
        </test-method> <!-- setUp -->
        <test-method signature="testCompleteCheckoutFlow()[pri:4, instance:tests.SmokeTests@51399530]" started-at="2026-09-06T17:37:48 IST" name="testCompleteCheckoutFlow" finished-at="2026-09-06T17:37:49 IST" duration-ms="363" status="PASS">
          <reporter-output>
          </reporter-output>
        </test-method> <!-- testCompleteCheckoutFlow -->
        <test-method is-config="true" signature="tearDown()[pri:0, instance:tests.SmokeTests@51399530]" started-at="2026-09-06T17:37:49 IST" name="tearDown" finished-at="2026-09-06T17:37:49 IST" duration-ms="84" status="PASS">
          <reporter-output>
          </reporter-output>
        </test-method> <!-- tearDown -->
        <test-method is-config="true" signature="setUp()[pri:0, instance:tests.SmokeTests@51399530]" started-at="2026-09-06T17:37:49 IST" name="setUp" finished-at="2026-09-06T17:37:50 IST" duration-ms="1216" status="PASS">
          <reporter-output>
          </reporter-output>
        </test-method> <!-- setUp -->
        <test-method signature="testLogout()[pri:5, instance:tests.SmokeTests@51399530]" started-at="2026-09-06T17:37:50 IST" name="testLogout" finished-at="2026-09-06T17:37:50 IST" duration-ms="168" status="FAIL">
          <exception class="org.openqa.selenium.ElementNotInteractableException">
            <message>
              <![CDATA[element not interactable
  (Session info: chrome=152.0.7977.76)
Build info: version: '4.23.0', revision: '4df0a231af'
System info: os.name: 'Mac OS X', os.arch: 'aarch64', os.version: '26.6.2', java.version: '23'
Driver info: org.openqa.selenium.chrome.ChromeDriver
Command: [5f27661b2c41b2ee0fe8dc7fdb50b30c, clickElement {id=f.DE9F5828E0102A7D38C929047B640E3A.d.A0AA391BA6FBF0A1BB16C80BA39E5032.e.22}]
Capabilities {acceptInsecureCerts: false, browserName: chrome, browserVersion: 152.0.7977.76, chrome: {chromedriverVersion: 152.0.7977.82 (d04cdb24d67b..., userDataDir: /var/folders/0b/hf85j5911f5...}, fedcm:accounts: true, goog:chromeOptions: {debuggerAddress: localhost:55189}, goog:processID: 24605, networkConnectionEnabled: false, pageLoadStrategy: normal, platformName: mac, proxy: Proxy(), se:cdp: ws://localhost:55189/devtoo..., se:cdpVersion: 152.0.7977.76, setWindowRect: true, strictFileInteractability: false, timeouts: {implicit: 0, pageLoad: 300000, script: 30000}, unhandledPromptBehavior: dismiss and notify, webauthn:extension:credBlob: true, webauthn:extension:largeBlob: true, webauthn:extension:minPinLength: true, webauthn:extension:prf: true, webauthn:virtualAuthenticators: true}
Element: [[ChromeDriver: chrome on mac (5f27661b2c41b2ee0fe8dc7fdb50b30c)] -> id: logout_sidebar_link]
Session ID: 5f27661b2c41b2ee0fe8dc7fdb50b30c]]>
            </message>
            <full-stacktrace>
              <![CDATA[org.openqa.selenium.ElementNotInteractableException: element not interactable
  (Session info: chrome=152.0.7977.76)
Build info: version: '4.23.0', revision: '4df0a231af'
System info: os.name: 'Mac OS X', os.arch: 'aarch64', os.version: '26.6.2', java.version: '23'
Driver info: org.openqa.selenium.chrome.ChromeDriver
Command: [5f27661b2c41b2ee0fe8dc7fdb50b30c, clickElement {id=f.DE9F5828E0102A7D38C929047B640E3A.d.A0AA391BA6FBF0A1BB16C80BA39E5032.e.22}]
Capabilities {acceptInsecureCerts: false, browserName: chrome, browserVersion: 152.0.7977.76, chrome: {chromedriverVersion: 152.0.7977.82 (d04cdb24d67b..., userDataDir: /var/folders/0b/hf85j5911f5...}, fedcm:accounts: true, goog:chromeOptions: {debuggerAddress: localhost:55189}, goog:processID: 24605, networkConnectionEnabled: false, pageLoadStrategy: normal, platformName: mac, proxy: Proxy(), se:cdp: ws://localhost:55189/devtoo..., se:cdpVersion: 152.0.7977.76, setWindowRect: true, strictFileInteractability: false, timeouts: {implicit: 0, pageLoad: 300000, script: 30000}, unhandledPromptBehavior: dismiss and notify, webauthn:extension:credBlob: true, webauthn:extension:largeBlob: true, webauthn:extension:minPinLength: true, webauthn:extension:prf: true, webauthn:virtualAuthenticators: true}
Element: [[ChromeDriver: chrome on mac (5f27661b2c41b2ee0fe8dc7fdb50b30c)] -> id: logout_sidebar_link]
Session ID: 5f27661b2c41b2ee0fe8dc7fdb50b30c
at java.base/jdk.internal.reflect.DirectConstructorHandleAccessor.newInstance(DirectConstructorHandleAccessor.java:62)
at java.base/java.lang.reflect.Constructor.newInstanceWithCaller(Constructor.java:501)
at java.base/java.lang.reflect.Constructor.newInstance(Constructor.java:485)
at org.openqa.selenium.remote.ErrorCodec.decode(ErrorCodec.java:167)
at org.openqa.selenium.remote.codec.w3c.W3CHttpResponseCodec.decode(W3CHttpResponseCodec.java:138)
at org.openqa.selenium.remote.codec.w3c.W3CHttpResponseCodec.decode(W3CHttpResponseCodec.java:50)
at org.openqa.selenium.remote.HttpCommandExecutor.execute(HttpCommandExecutor.java:190)
at org.openqa.selenium.remote.service.DriverCommandExecutor.invokeExecute(DriverCommandExecutor.java:216)
at org.openqa.selenium.remote.service.DriverCommandExecutor.execute(DriverCommandExecutor.java:174)
at org.openqa.selenium.remote.RemoteWebDriver.execute(RemoteWebDriver.java:527)
at org.openqa.selenium.remote.RemoteWebElement.execute(RemoteWebElement.java:223)
at org.openqa.selenium.remote.RemoteWebElement.click(RemoteWebElement.java:76)
at java.base/jdk.internal.reflect.DirectMethodHandleAccessor.invoke(DirectMethodHandleAccessor.java:103)
at java.base/java.lang.reflect.Method.invoke(Method.java:580)
at org.openqa.selenium.support.pagefactory.internal.LocatingElementHandler.invoke(LocatingElementHandler.java:51)
at jdk.proxy2/jdk.proxy2.$Proxy12.click(Unknown Source)
at Pages.InventoryPage.logout(InventoryPage.java:75)
at tests.SmokeTests.testLogout(SmokeTests.java:111)
at java.base/jdk.internal.reflect.DirectMethodHandleAccessor.invoke(DirectMethodHandleAccessor.java:103)
at java.base/java.lang.reflect.Method.invoke(Method.java:580)
at org.testng.internal.invokers.MethodInvocationHelper.invokeMethod(MethodInvocationHelper.java:141)
at org.testng.internal.invokers.TestInvoker.invokeMethod(TestInvoker.java:686)
at org.testng.internal.invokers.TestInvoker.invokeTestMethod(TestInvoker.java:230)
at org.testng.internal.invokers.MethodRunner.runInSequence(MethodRunner.java:63)
at org.testng.internal.invokers.TestInvoker$MethodInvocationAgent.invoke(TestInvoker.java:992)
at org.testng.internal.invokers.TestInvoker.invokeTestMethods(TestInvoker.java:203)
at org.testng.internal.invokers.TestMethodWorker.invokeTestMethods(TestMethodWorker.java:154)
at org.testng.internal.invokers.TestMethodWorker.run(TestMethodWorker.java:134)
at java.base/java.util.ArrayList.forEach(ArrayList.java:1597)
at org.testng.TestRunner.privateRun(TestRunner.java:739)
at org.testng.TestRunner.run(TestRunner.java:614)
at org.testng.SuiteRunner.runTest(SuiteRunner.java:421)
at org.testng.SuiteRunner.runSequentially(SuiteRunner.java:413)
at org.testng.SuiteRunner.privateRun(SuiteRunner.java:373)
at org.testng.SuiteRunner.run(SuiteRunner.java:312)
at org.testng.SuiteRunnerWorker.runSuite(SuiteRunnerWorker.java:52)
at org.testng.SuiteRunnerWorker.run(SuiteRunnerWorker.java:95)
at org.testng.TestNG.runSuitesSequentially(TestNG.java:1274)
at org.testng.TestNG.runSuitesLocally(TestNG.java:1208)
at org.testng.TestNG.runSuites(TestNG.java:1112)
at org.testng.TestNG.run(TestNG.java:1079)
at org.testng.remote.AbstractRemoteTestNG.run(AbstractRemoteTestNG.java:115)
at org.testng.remote.RemoteTestNG.initAndRun(RemoteTestNG.java:293)
at org.testng.remote.RemoteTestNG.main(RemoteTestNG.java:91)
]]>
            </full-stacktrace>
          </exception> <!-- org.openqa.selenium.ElementNotInteractableException -->
          <reporter-output>
          </reporter-output>
        </test-method> <!-- testLogout -->
        <test-method is-config="true" signature="tearDown()[pri:0, instance:tests.SmokeTests@51399530]" started-at="2026-09-06T17:37:50 IST" name="tearDown" finished-at="2026-09-06T17:37:50 IST" duration-ms="85" status="PASS">
          <reporter-output>
          </reporter-output>
        </test-method> <!-- tearDown -->
      </class> <!-- tests.SmokeTests -->
    </test> <!-- Default test -->
  </suite> <!-- Default suite -->
</testng-results>
